app/build/intermediates/manifest_merge_blame_file/release/processReleaseMainManifest/manifest-merger-blame-release-report.txt
1<?xml version="1.0" encoding="utf-8"?>
2<manifest xmlns:android="http://schemas.android.com/apk/res/android"
3    package="com.pocketguidance"
4    android:versionCode="1"
5    android:versionName="1.0" >
6
7    <uses-sdk
8        android:minSdkVersion="24"
9        android:targetSdkVersion="35" />
10
11    <uses-permission android:name="android.permission.CAMERA" />
11-->src\main\AndroidManifest.xml:4:5-65
11-->src\main\AndroidManifest.xml:4:22-62
12    <uses-permission
12-->src\main\AndroidManifest.xml:5:5-6:38
13        android:name="android.permission.READ_EXTERNAL_STORAGE"
13-->src\main\AndroidManifest.xml:5:22-77
14        android:maxSdkVersion="32" />
14-->src\main\AndroidManifest.xml:6:9-35
15    <uses-permission android:name="android.permission.READ_MEDIA_IMAGES" />
15-->src\main\AndroidManifest.xml:7:5-76
15-->src\main\AndroidManifest.xml:7:22-73
16
17    <uses-feature
17-->src\main\AndroidManifest.xml:8:5-85
18        android:name="android.hardware.camera"
18-->src\main\AndroidManifest.xml:8:19-57
19        android:required="false" />
19-->src\main\AndroidManifest.xml:8:58-82
20
21    <permission
21-->[androidx.core:core:1.13.1] AndroidManifest.xml:22:5-24:47
22        android:name="com.pocketguidance.DYNAMIC_RECEIVER_NOT_EXPORTED_PERMISSION"
22-->[androidx.core:core:1.13.1] AndroidManifest.xml:23:9-81
23        android:protectionLevel="signature" />
23-->[androidx.core:core:1.13.1] AndroidManifest.xml:24:9-44
24
25    <uses-permission android:name="com.pocketguidance.DYNAMIC_RECEIVER_NOT_EXPORTED_PERMISSION" />
25-->[androidx.core:core:1.13.1] AndroidManifest.xml:26:5-97
25-->[androidx.core:core:1.13.1] AndroidManifest.xml:26:22-94
26
27    <application
27-->src\main\AndroidManifest.xml:10:5-88:19
28        android:name="com.pocketguidance.PocketGuidanceApp"
28-->src\main\AndroidManifest.xml:11:9-42
29        android:allowBackup="true"
29-->src\main\AndroidManifest.xml:12:9-35
30        android:appComponentFactory="androidx.core.app.CoreComponentFactory"
30-->[androidx.core:core:1.13.1] AndroidManifest.xml:28:18-86
31        android:extractNativeLibs="false"
32        android:icon="@mipmap/ic_launcher"
32-->src\main\AndroidManifest.xml:13:9-43
33        android:label="@string/app_name"
33-->src\main\AndroidManifest.xml:14:9-41
34        android:roundIcon="@mipmap/ic_launcher_round"
34-->src\main\AndroidManifest.xml:15:9-54
35        android:supportsRtl="true"
35-->src\main\AndroidManifest.xml:16:9-35
36        android:theme="@style/Theme.PocketGuidance" >
36-->src\main\AndroidManifest.xml:17:9-52
37        <activity
37-->src\main\AndroidManifest.xml:19:9-20:46
38            android:name="com.pocketguidance.ui.activities.ForgotPasswordActivity"
38-->src\main\AndroidManifest.xml:19:19-71
39            android:label="Reset Password" />
39-->src\main\AndroidManifest.xml:20:13-43
40
41        <!-- Splash / entry point — theme is required by installSplashScreen() -->
42        <activity
42-->src\main\AndroidManifest.xml:23:9-31:20
43            android:name="com.pocketguidance.ui.activities.SplashActivity"
43-->src\main\AndroidManifest.xml:24:13-57
44            android:exported="true"
44-->src\main\AndroidManifest.xml:25:13-36
45            android:theme="@style/Theme.PocketGuidance.Splash" >
45-->src\main\AndroidManifest.xml:26:13-63
46            <intent-filter>
46-->src\main\AndroidManifest.xml:27:13-30:29
47                <action android:name="android.intent.action.MAIN" />
47-->src\main\AndroidManifest.xml:28:17-69
47-->src\main\AndroidManifest.xml:28:25-66
48
49                <category android:name="android.intent.category.LAUNCHER" />
49-->src\main\AndroidManifest.xml:29:17-77
49-->src\main\AndroidManifest.xml:29:27-74
50            </intent-filter>
51        </activity>
52        <activity
52-->src\main\AndroidManifest.xml:33:9-35:58
53            android:name="com.pocketguidance.ui.activities.LoginActivity"
53-->src\main\AndroidManifest.xml:33:19-62
54            android:exported="false"
54-->src\main\AndroidManifest.xml:34:13-37
55            android:windowSoftInputMode="adjustResize" />
55-->src\main\AndroidManifest.xml:35:13-55
56        <activity
56-->src\main\AndroidManifest.xml:37:9-39:58
57            android:name="com.pocketguidance.ui.activities.SignupActivity"
57-->src\main\AndroidManifest.xml:37:19-63
58            android:exported="false"
58-->src\main\AndroidManifest.xml:38:13-37
59            android:windowSoftInputMode="adjustResize" />
59-->src\main\AndroidManifest.xml:39:13-55
60        <activity
60-->src\main\AndroidManifest.xml:41:9-42:40
61            android:name="com.pocketguidance.ui.activities.OnboardingActivity"
61-->src\main\AndroidManifest.xml:41:19-67
62            android:exported="false" />
62-->src\main\AndroidManifest.xml:42:13-37
63        <activity
63-->src\main\AndroidManifest.xml:44:9-45:40
64            android:name="com.pocketguidance.ui.activities.DashboardActivity"
64-->src\main\AndroidManifest.xml:44:19-66
65            android:exported="false" />
65-->src\main\AndroidManifest.xml:45:13-37
66        <activity
66-->src\main\AndroidManifest.xml:47:9-48:40
67            android:name="com.pocketguidance.ui.activities.CategoryActivity"
67-->src\main\AndroidManifest.xml:47:19-65
68            android:exported="false" />
68-->src\main\AndroidManifest.xml:48:13-37
69        <activity
69-->src\main\AndroidManifest.xml:50:9-52:58
70            android:name="com.pocketguidance.ui.activities.AddExpenseActivity"
70-->src\main\AndroidManifest.xml:50:19-67
71            android:exported="false"
71-->src\main\AndroidManifest.xml:51:13-37
72            android:windowSoftInputMode="adjustResize" />
72-->src\main\AndroidManifest.xml:52:13-55
73        <activity
73-->src\main\AndroidManifest.xml:54:9-55:40
74            android:name="com.pocketguidance.ui.activities.ViewExpenseActivity"
74-->src\main\AndroidManifest.xml:54:19-68
75            android:exported="false" />
75-->src\main\AndroidManifest.xml:55:13-37
76        <activity
76-->src\main\AndroidManifest.xml:57:9-58:40
77            android:name="com.pocketguidance.ui.activities.BudgetsActivity"
77-->src\main\AndroidManifest.xml:57:19-64
78            android:exported="false" />
78-->src\main\AndroidManifest.xml:58:13-37
79        <activity
79-->src\main\AndroidManifest.xml:60:9-61:40
80            android:name="com.pocketguidance.ui.activities.GoalsActivity"
80-->src\main\AndroidManifest.xml:60:19-62
81            android:exported="false" />
81-->src\main\AndroidManifest.xml:61:13-37
82        <activity
82-->src\main\AndroidManifest.xml:63:9-65:58
83            android:name="com.pocketguidance.ui.activities.ProfileActivity"
83-->src\main\AndroidManifest.xml:63:19-64
84            android:exported="false"
84-->src\main\AndroidManifest.xml:64:13-37
85            android:windowSoftInputMode="adjustResize" />
85-->src\main\AndroidManifest.xml:65:13-55
86        <activity
86-->src\main\AndroidManifest.xml:67:9-68:40
87            android:name="com.pocketguidance.ui.activities.ReceiptViewActivity"
87-->src\main\AndroidManifest.xml:67:19-68
88            android:exported="false" />
88-->src\main\AndroidManifest.xml:68:13-37
89        <activity
89-->src\main\AndroidManifest.xml:70:9-71:40
90            android:name="com.pocketguidance.ui.activities.EarnActivity"
90-->src\main\AndroidManifest.xml:70:19-61
91            android:exported="false" />
91-->src\main\AndroidManifest.xml:71:13-37
92        <activity
92-->src\main\AndroidManifest.xml:73:9-74:40
93            android:name="com.pocketguidance.ui.activities.ReportsActivity"
93-->src\main\AndroidManifest.xml:73:19-64
94            android:exported="false" />
94-->src\main\AndroidManifest.xml:74:13-37
95
96        <!-- FileProvider for camera photo URIs -->
97        <provider
98            android:name="androidx.core.content.FileProvider"
98-->src\main\AndroidManifest.xml:78:13-62
99            android:authorities="com.pocketguidance.provider"
99-->src\main\AndroidManifest.xml:79:13-60
100            android:exported="false"
100-->src\main\AndroidManifest.xml:80:13-37
101            android:grantUriPermissions="true" >
101-->src\main\AndroidManifest.xml:81:13-47
102            <meta-data
102-->src\main\AndroidManifest.xml:82:13-84:54
103                android:name="android.support.FILE_PROVIDER_PATHS"
103-->src\main\AndroidManifest.xml:83:17-67
104                android:resource="@xml/file_paths" />
104-->src\main\AndroidManifest.xml:84:17-51
105        </provider>
106        <provider
106-->[androidx.emoji2:emoji2:1.3.0] AndroidManifest.xml:24:9-32:20
107            android:name="androidx.startup.InitializationProvider"
107-->[androidx.emoji2:emoji2:1.3.0] AndroidManifest.xml:25:13-67
108            android:authorities="com.pocketguidance.androidx-startup"
108-->[androidx.emoji2:emoji2:1.3.0] AndroidManifest.xml:26:13-68
109            android:exported="false" >
109-->[androidx.emoji2:emoji2:1.3.0] AndroidManifest.xml:27:13-37
110            <meta-data
110-->[androidx.emoji2:emoji2:1.3.0] AndroidManifest.xml:29:13-31:52
111                android:name="androidx.emoji2.text.EmojiCompatInitializer"
111-->[androidx.emoji2:emoji2:1.3.0] AndroidManifest.xml:30:17-75
112                android:value="androidx.startup" />
112-->[androidx.emoji2:emoji2:1.3.0] AndroidManifest.xml:31:17-49
113            <meta-data
113-->[androidx.lifecycle:lifecycle-process:2.8.4] AndroidManifest.xml:29:13-31:52
114                android:name="androidx.lifecycle.ProcessLifecycleInitializer"
114-->[androidx.lifecycle:lifecycle-process:2.8.4] AndroidManifest.xml:30:17-78
115                android:value="androidx.startup" />
115-->[androidx.lifecycle:lifecycle-process:2.8.4] AndroidManifest.xml:31:17-49
116            <meta-data
116-->[androidx.profileinstaller:profileinstaller:1.3.1] AndroidManifest.xml:29:13-31:52
117                android:name="androidx.profileinstaller.ProfileInstallerInitializer"
117-->[androidx.profileinstaller:profileinstaller:1.3.1] AndroidManifest.xml:30:17-85
118                android:value="androidx.startup" />
118-->[androidx.profileinstaller:profileinstaller:1.3.1] AndroidManifest.xml:31:17-49
119        </provider>
120
121        <service
121-->[androidx.room:room-runtime:2.6.1] AndroidManifest.xml:24:9-28:63
122            android:name="androidx.room.MultiInstanceInvalidationService"
122-->[androidx.room:room-runtime:2.6.1] AndroidManifest.xml:25:13-74
123            android:directBootAware="true"
123-->[androidx.room:room-runtime:2.6.1] AndroidManifest.xml:26:13-43
124            android:exported="false" />
124-->[androidx.room:room-runtime:2.6.1] AndroidManifest.xml:27:13-37
125
126        <receiver
126-->[androidx.profileinstaller:profileinstaller:1.3.1] AndroidManifest.xml:34:9-52:20
127            android:name="androidx.profileinstaller.ProfileInstallReceiver"
127-->[androidx.profileinstaller:profileinstaller:1.3.1] AndroidManifest.xml:35:13-76
128            android:directBootAware="false"
128-->[androidx.profileinstaller:profileinstaller:1.3.1] AndroidManifest.xml:36:13-44
129            android:enabled="true"
129-->[androidx.profileinstaller:profileinstaller:1.3.1] AndroidManifest.xml:37:13-35
130            android:exported="true"
130-->[androidx.profileinstaller:profileinstaller:1.3.1] AndroidManifest.xml:38:13-36
131            android:permission="android.permission.DUMP" >
131-->[androidx.profileinstaller:profileinstaller:1.3.1] AndroidManifest.xml:39:13-57
132            <intent-filter>
132-->[androidx.profileinstaller:profileinstaller:1.3.1] AndroidManifest.xml:40:13-42:29
133                <action android:name="androidx.profileinstaller.action.INSTALL_PROFILE" />
133-->[androidx.profileinstaller:profileinstaller:1.3.1] AndroidManifest.xml:41:17-91
133-->[androidx.profileinstaller:profileinstaller:1.3.1] AndroidManifest.xml:41:25-88
134            </intent-filter>
135            <intent-filter>
135-->[androidx.profileinstaller:profileinstaller:1.3.1] AndroidManifest.xml:43:13-45:29
136                <action android:name="androidx.profileinstaller.action.SKIP_FILE" />
136-->[androidx.profileinstaller:profileinstaller:1.3.1] AndroidManifest.xml:44:17-85
136-->[androidx.profileinstaller:profileinstaller:1.3.1] AndroidManifest.xml:44:25-82
137            </intent-filter>
138            <intent-filter>
138-->[androidx.profileinstaller:profileinstaller:1.3.1] AndroidManifest.xml:46:13-48:29
139                <action android:name="androidx.profileinstaller.action.SAVE_PROFILE" />
139-->[androidx.profileinstaller:profileinstaller:1.3.1] AndroidManifest.xml:47:17-88
139-->[androidx.profileinstaller:profileinstaller:1.3.1] AndroidManifest.xml:47:25-85
140            </intent-filter>
141            <intent-filter>
141-->[androidx.profileinstaller:profileinstaller:1.3.1] AndroidManifest.xml:49:13-51:29
142                <action android:name="androidx.profileinstaller.action.BENCHMARK_OPERATION" />
142-->[androidx.profileinstaller:profileinstaller:1.3.1] AndroidManifest.xml:50:17-95
142-->[androidx.profileinstaller:profileinstaller:1.3.1] AndroidManifest.xml:50:25-92
143            </intent-filter>
144        </receiver>
145    </application>
146
147</manifest>